<?xml version="1.0" encoding="UTF-8"?>
<!-- Generated by org.testng.reporters.JUnitReportReporter -->
<testsuite skipped="0" hostname="INDIA-SelvaN" name="com.BasicProj.Basictest.basic_test" tests="5" failures="0" timestamp="02 Dec 2019 08:42:33 GMT" time="9.291" errors="0">
  <testcase name="HomePage_Title" time="0.015" classname="com.BasicProj.Basictest.basic_test"/>
  <testcase name="Clothing_Submenu" time="0.238" classname="com.BasicProj.Basictest.basic_test"/>
  <testcase name="Navigate_Clothing" time="4.596" classname="com.BasicProj.Basictest.basic_test"/>
  <testcase name="Clothing_Title" time="0.499" classname="com.BasicProj.Basictest.basic_test"/>
  <testcase name="nav_PDP" time="3.943" classname="com.BasicProj.Basictest.basic_test"/>
</testsuite> <!-- com.BasicProj.Basictest.basic_test -->
