<?xml version="1.0" encoding="UTF-8"?>
<!-- Generated by org.testng.reporters.JUnitReportReporter -->
<testsuite skipped="0" hostname="INDIA-SelvaN" name="com.BasicProj.Basictest.basic_test" tests="5" failures="0" timestamp="03 Dec 2019 04:13:03 GMT" time="4.054" errors="0">
  <testcase name="HomePage_Title" time="0.317" classname="com.BasicProj.Basictest.basic_test"/>
  <testcase name="Clothing_Submenu" time="0.249" classname="com.BasicProj.Basictest.basic_test"/>
  <testcase name="Navigate_Clothing" time="1.112" classname="com.BasicProj.Basictest.basic_test"/>
  <testcase name="Clothing_Title" time="0.532" classname="com.BasicProj.Basictest.basic_test"/>
  <testcase name="nav_PDP" time="1.844" classname="com.BasicProj.Basictest.basic_test"/>
</testsuite> <!-- com.BasicProj.Basictest.basic_test -->
